<?xml version="1.0" encoding="UTF-8"?>
<testsuite xmlns:xsi="http://www.w3.org/2001/XMLSchema-instance" xsi:noNamespaceSchemaLocation="https://maven.apache.org/surefire/maven-surefire-plugin/xsd/surefire-test-report.xsd" name="com.nadir.TestRSA" time="0.387" tests="8" errors="0" skipped="0" failures="0">
  <properties>
    <property name="sun.desktop" value="windows"/>
    <property name="awt.toolkit" value="sun.awt.windows.WToolkit"/>
    <property name="file.encoding.pkg" value="sun.io"/>
    <property name="java.specification.version" value="1.8"/>
    <property name="sun.cpu.isalist" value="amd64"/>
    <property name="sun.jnu.encoding" value="Cp1252"/>
    <property name="java.class.path" value="c:\Users\YasserNADIR\Documents\PFE\crypto\target\test-classes;c:\Users\YasserNADIR\Documents\PFE\crypto\target\classes;C:\Users\YasserNADIR\.m2\repository\junit\junit\4.11\junit-4.11.jar;C:\Users\YasserNADIR\.m2\repository\org\hamcrest\hamcrest-core\1.3\hamcrest-core-1.3.jar;"/>
    <property name="java.vm.vendor" value="Temurin"/>
    <property name="sun.arch.data.model" value="64"/>
    <property name="user.variant" value=""/>
    <property name="java.vendor.url" value="https://adoptium.net/"/>
    <property name="user.timezone" value="Africa/Casablanca"/>
    <property name="java.vm.specification.version" value="1.8"/>
    <property name="os.name" value="Windows 10"/>
    <property name="user.country" value="MA"/>
    <property name="sun.java.launcher" value="SUN_STANDARD"/>
    <property name="sun.boot.library.path" value="C:\Program Files\Eclipse Adoptium\jdk-8.0.322.6-hotspot\jre\bin"/>
    <property name="sun.java.command" value="C:\Users\YASSER~1\AppData\Local\Temp\surefire5509571859455783355\surefirebooter3884036877217555408.jar C:\Users\YasserNADIR\AppData\Local\Temp\surefire5509571859455783355 2022-04-29T14-57-06_769-jvmRun1 surefire6282774256747302202tmp surefire_04098284808150785087tmp"/>
    <property name="surefire.test.class.path" value="c:\Users\YasserNADIR\Documents\PFE\crypto\target\test-classes;c:\Users\YasserNADIR\Documents\PFE\crypto\target\classes;C:\Users\YasserNADIR\.m2\repository\junit\junit\4.11\junit-4.11.jar;C:\Users\YasserNADIR\.m2\repository\org\hamcrest\hamcrest-core\1.3\hamcrest-core-1.3.jar;"/>
    <property name="sun.cpu.endian" value="little"/>
    <property name="user.home" value="C:\Users\YasserNADIR"/>
    <property name="user.language" value="fr"/>
    <property name="java.specification.vendor" value="Oracle Corporation"/>
    <property name="java.home" value="C:\Program Files\Eclipse Adoptium\jdk-8.0.322.6-hotspot\jre"/>
    <property name="basedir" value="c:\Users\YasserNADIR\Documents\PFE\crypto"/>
    <property name="file.separator" value="\"/>
    <property name="line.separator" value="&#10;"/>
    <property name="java.vm.specification.vendor" value="Oracle Corporation"/>
    <property name="java.specification.name" value="Java Platform API Specification"/>
    <property name="java.awt.graphicsenv" value="sun.awt.Win32GraphicsEnvironment"/>
    <property name="surefire.real.class.path" value="C:\Users\YASSER~1\AppData\Local\Temp\surefire5509571859455783355\surefirebooter3884036877217555408.jar"/>
    <property name="sun.boot.class.path" value="C:\Program Files\Eclipse Adoptium\jdk-8.0.322.6-hotspot\jre\lib\resources.jar;C:\Program Files\Eclipse Adoptium\jdk-8.0.322.6-hotspot\jre\lib\rt.jar;C:\Program Files\Eclipse Adoptium\jdk-8.0.322.6-hotspot\jre\lib\sunrsasign.jar;C:\Program Files\Eclipse Adoptium\jdk-8.0.322.6-hotspot\jre\lib\jsse.jar;C:\Program Files\Eclipse Adoptium\jdk-8.0.322.6-hotspot\jre\lib\jce.jar;C:\Program Files\Eclipse Adoptium\jdk-8.0.322.6-hotspot\jre\lib\charsets.jar;C:\Program Files\Eclipse Adoptium\jdk-8.0.322.6-hotspot\jre\lib\jfr.jar;C:\Program Files\Eclipse Adoptium\jdk-8.0.322.6-hotspot\jre\classes"/>
    <property name="user.script" value=""/>
    <property name="sun.management.compiler" value="HotSpot 64-Bit Tiered Compilers"/>
    <property name="java.runtime.version" value="1.8.0_322-b06"/>
    <property name="user.name" value="YasserNADIR"/>
    <property name="path.separator" value=";"/>
    <property name="os.version" value="10.0"/>
    <property name="java.endorsed.dirs" value="C:\Program Files\Eclipse Adoptium\jdk-8.0.322.6-hotspot\jre\lib\endorsed"/>
    <property name="java.runtime.name" value="OpenJDK Runtime Environment"/>
    <property name="file.encoding" value="Cp1252"/>
    <property name="java.vm.name" value="OpenJDK 64-Bit Server VM"/>
    <property name="localRepository" value="C:\Users\YasserNADIR\.m2\repository"/>
    <property name="java.vendor.url.bug" value="https://github.com/adoptium/adoptium-support/issues"/>
    <property name="java.io.tmpdir" value="C:\Users\YASSER~1\AppData\Local\Temp\"/>
    <property name="java.version" value="1.8.0_322"/>
    <property name="user.dir" value="c:\Users\YasserNADIR\Documents\PFE\crypto"/>
    <property name="os.arch" value="amd64"/>
    <property name="java.vm.specification.name" value="Java Virtual Machine Specification"/>
    <property name="java.awt.printerjob" value="sun.awt.windows.WPrinterJob"/>
    <property name="sun.os.patch.level" value=""/>
    <property name="java.library.path" value="C:\Program Files\Eclipse Adoptium\jdk-8.0.322.6-hotspot\jre\bin;C:\Windows\Sun\Java\bin;C:\Windows\system32;C:\Windows;C:\Python310\Scripts\;C:\Python310\;C:\Program Files\Eclipse Adoptium\jdk-8.0.322.6-hotspot\bin;C:\Program Files (x86)\Common Files\Oracle\Java\javapath;C:\Windows\system32;C:\Windows;C:\Windows\System32\Wbem;C:\Windows\System32\WindowsPowerShell\v1.0\;C:\Windows\System32\OpenSSH\;C:\Program Files\nodejs\;C:\ProgramData\chocolatey\bin;C:\Python310\python.exe;C:\Users\YasserNADIR\AppData\Roaming\Python\Python310\Scripts;C:\Program Files\Java\jre1.8.0_321;C:\Program Files\Docker\Docker\resources\bin;C:\ProgramData\DockerDesktop\version-bin;C:\Program Files (x86)\apache-maven-3.8.5\bin;C:\Users\YasserNADIR\Documents\flutter\bin;C:\Users\YasserNADIR\AppData\Local\Android\Sdk\cmdline-tools\latest\bin;C:\Users\YasserNADIR\AppData\Local\Microsoft\WindowsApps;C:\Users\YasserNADIR\AppData\Local\Programs\Microsoft VS Code\bin;C:\Users\YasserNADIR\AppData\Local\Programs\Git\cmd;C:\Users\YasserNADIR\AppData\Roaming\npm;C:\Users\YasserNADIR\AppData\Local\atom\bin;."/>
    <property name="java.vm.info" value="mixed mode"/>
    <property name="java.vendor" value="Temurin"/>
    <property name="java.vm.version" value="25.322-b06"/>
    <property name="java.ext.dirs" value="C:\Program Files\Eclipse Adoptium\jdk-8.0.322.6-hotspot\jre\lib\ext;C:\Windows\Sun\Java\lib\ext"/>
    <property name="sun.io.unicode.encoding" value="UnicodeLittle"/>
    <property name="java.class.version" value="52.0"/>
  </properties>
  <testcase name="verificationOfReadingPublicKeyFromBase64" classname="com.nadir.TestRSA" time="0.15"/>
  <testcase name="verificationEncryptDecryptByKeyBase64" classname="com.nadir.TestRSA" time="0.065"/>
  <testcase name="verificationModifiedMessage" classname="com.nadir.TestRSA" time="0.035"/>
  <testcase name="verificationEncryptByCertificateDecryptByJKS" classname="com.nadir.TestRSA" time="0.031"/>
  <testcase name="verificationEncryptDecryptByPairKey" classname="com.nadir.TestRSA" time="0.016"/>
  <testcase name="verificationOfReadingPrivateKeyFromBase64" classname="com.nadir.TestRSA" time="0.032"/>
  <testcase name="verificationOfSignature" classname="com.nadir.TestRSA" time="0.021"/>
  <testcase name="verificationofFalseSignature" classname="com.nadir.TestRSA" time="0.015"/>
</testsuite>